Mon Jan 28 2019 01:33:58 GMT+0530 (India Standard Time): GET /
Mon Jan 28 2019 01:33:58 GMT+0530 (India Standard Time): GET /favicon.ico
Mon Jan 28 2019 02:17:44 GMT+0530 (India Standard Time): GET /
Mon Jan 28 2019 02:22:43 GMT+0530 (India Standard Time): GET /help.html
Mon Jan 28 2019 02:23:46 GMT+0530 (India Standard Time): GET /
Mon Jan 28 2019 02:23:47 GMT+0530 (India Standard Time): GET /
Mon Jan 28 2019 02:23:49 GMT+0530 (India Standard Time): GET /
Mon Jan 28 2019 02:23:50 GMT+0530 (India Standard Time): GET /
Mon Jan 28 2019 02:36:30 GMT+0530 (India Standard Time): GET /
Mon Jan 28 2019 02:36:37 GMT+0530 (India Standard Time): GET /
Mon Jan 28 2019 02:36:37 GMT+0530 (India Standard Time): GET /
Mon Jan 28 2019 04:29:21 GMT+0530 (India Standard Time): GET /
Mon Jan 28 2019 04:29:23 GMT+0530 (India Standard Time): GET /
Mon Jan 28 2019 04:29:24 GMT+0530 (India Standard Time): GET /about
Mon Jan 28 2019 04:29:26 GMT+0530 (India Standard Time): GET /projects
Mon Jan 28 2019 04:29:30 GMT+0530 (India Standard Time): GET /about
Mon Jan 28 2019 04:29:31 GMT+0530 (India Standard Time): GET /
Mon Jan 28 2019 04:29:33 GMT+0530 (India Standard Time): GET /about
Mon Jan 28 2019 04:29:35 GMT+0530 (India Standard Time): GET /projects
Mon Jan 28 2019 04:34:29 GMT+0530 (India Standard Time): GET /projects
Mon Jan 28 2019 04:34:59 GMT+0530 (India Standard Time): GET /projects
Mon Jan 28 2019 04:35:01 GMT+0530 (India Standard Time): GET /projects
Mon Jan 28 2019 04:35:02 GMT+0530 (India Standard Time): GET /projects
Mon Jan 28 2019 04:35:30 GMT+0530 (India Standard Time): GET /projects
Mon Jan 28 2019 04:35:33 GMT+0530 (India Standard Time): GET /projects
Mon Jan 28 2019 04:35:33 GMT+0530 (India Standard Time): GET /projects
Mon Jan 28 2019 04:36:01 GMT+0530 (India Standard Time): GET /projects
